# JRE version: OpenJDK Runtime Environment (11.0.11+9) (build 11.0.11+9-b60-7590822)
# Java VM: OpenJDK 64-Bit Server VM (11.0.11+9-b60-7590822, mixed mode, tiered, compressed oops, g1 gc, windows-amd64)
Heap:
 garbage-first heap   total 649216K, used 215667K [0x0000000080000000, 0x0000000100000000)
  region size 1024K, 6 young (6144K), 6 survivors (6144K)
 Metaspace       used 123143K, capacity 125909K, committed 126192K, reserved 1159168K
  class space    used 15079K, capacity 16112K, committed 16256K, reserved 1048576K
GC Heap History (20 events):
Event: 11.896 GC heap after
{Heap after GC invocations=33 (full 0):
 garbage-first heap   total 227328K, used 149356K [0x0000000080000000, 0x0000000100000000)
  region size 1024K, 2 young (2048K), 2 survivors (2048K)
 Metaspace       used 115159K, capacity 117778K, committed 118000K, reserved 1153024K
  class space    used 14215K, capacity 15177K, committed 15232K, reserved 1048576K
}
Event: 11.947 GC heap before
{Heap before GC invocations=33 (full 0):
 garbage-first heap   total 227328K, used 185196K [0x0000000080000000, 0x0000000100000000)
  region size 1024K, 37 young (37888K), 2 survivors (2048K)
 Metaspace       used 115897K, capacity 118493K, committed 118640K, reserved 1153024K
  class space    used 14283K, capacity 15245K, committed 15360K, reserved 1048576K
}
Event: 11.948 GC heap after
{Heap after GC invocations=34 (full 0):
 garbage-first heap   total 227328K, used 158436K [0x0000000080000000, 0x0000000100000000)
  region size 1024K, 5 young (5120K), 5 survivors (5120K)
 Metaspace       used 115897K, capacity 118493K, committed 118640K, reserved 1153024K
  class space    used 14283K, capacity 15245K, committed 15360K, reserved 1048576K
}
Event: 11.990 GC heap before
{Heap before GC invocations=34 (full 0):
 garbage-first heap   total 227328K, used 187108K [0x0000000080000000, 0x0000000100000000)
  region size 1024K, 33 young (33792K), 5 survivors (5120K)
 Metaspace       used 116601K, capacity 119236K, committed 119408K, reserved 1153024K
  class space    used 14361K, capacity 15344K, committed 15360K, reserved 1048576K
}
Event: 11.991 GC heap after
{Heap after GC invocations=35 (full 0):
 garbage-first heap   total 227328K, used 165999K [0x0000000080000000, 0x0000000100000000)
  region size 1024K, 5 young (5120K), 5 survivors (5120K)
 Metaspace       used 116601K, capacity 119236K, committed 119408K, reserved 1153024K
  class space    used 14361K, capacity 15344K, committed 15360K, reserved 1048576K
}
Event: 12.083 GC heap before
{Heap before GC invocations=35 (full 0):
 garbage-first heap   total 227328K, used 188527K [0x0000000080000000, 0x0000000100000000)
  region size 1024K, 28 young (28672K), 5 survivors (5120K)
 Metaspace       used 120026K, capacity 122724K, committed 122992K, reserved 1157120K
  class space    used 14772K, capacity 15759K, committed 15872K, reserved 1048576K
}
Event: 12.086 GC heap after
{Heap after GC invocations=36 (full 0):
 garbage-first heap   total 227328K, used 170927K [0x0000000080000000, 0x0000000100000000)
  region size 1024K, 4 young (4096K), 4 survivors (4096K)
 Metaspace       used 120026K, capacity 122724K, committed 122992K, reserved 1157120K
  class space    used 14772K, capacity 15759K, committed 15872K, reserved 1048576K
}
Event: 12.137 GC heap before
{Heap before GC invocations=36 (full 0):
 garbage-first heap   total 227328K, used 191407K [0x0000000080000000, 0x0000000100000000)
  region size 1024K, 24 young (24576K), 4 survivors (4096K)
 Metaspace       used 120319K, capacity 123021K, committed 123248K, reserved 1157120K
  class space    used 14792K, capacity 15794K, committed 15872K, reserved 1048576K
}
Event: 12.141 GC heap after
{Heap after GC invocations=37 (full 0):
 garbage-first heap   total 227328K, used 175871K [0x0000000080000000, 0x0000000100000000)
  region size 1024K, 3 young (3072K), 3 survivors (3072K)
 Metaspace       used 120319K, capacity 123021K, committed 123248K, reserved 1157120K
  class space    used 14792K, capacity 15794K, committed 15872K, reserved 1048576K
}
Event: 12.187 GC heap before
{Heap before GC invocations=37 (full 0):
 garbage-first heap   total 227328K, used 193279K [0x0000000080000000, 0x0000000100000000)
  region size 1024K, 20 young (20480K), 3 survivors (3072K)
 Metaspace       used 120541K, capacity 123303K, committed 123504K, reserved 1157120K
  class space    used 14827K, capacity 15855K, committed 15872K, reserved 1048576K
}
Event: 12.192 GC heap after
{Heap after GC invocations=38 (full 0):
 garbage-first heap   total 227328K, used 180433K [0x0000000080000000, 0x0000000100000000)
  region size 1024K, 3 young (3072K), 3 survivors (3072K)
 Metaspace       used 120541K, capacity 123303K, committed 123504K, reserved 1157120K
  class space    used 14827K, capacity 15855K, committed 15872K, reserved 1048576K
}
Event: 12.207 GC heap before
{Heap before GC invocations=39 (full 0):
 garbage-first heap   total 227328K, used 194769K [0x0000000080000000, 0x0000000100000000)
  region size 1024K, 17 young (17408K), 3 survivors (3072K)
 Metaspace       used 120562K, capacity 123306K, committed 123504K, reserved 1157120K
  class space    used 14832K, capacity 15856K, committed 15872K, reserved 1048576K
}
Event: 12.214 GC heap after
{Heap after GC invocations=40 (full 0):
 garbage-first heap   total 324608K, used 184052K [0x0000000080000000, 0x0000000100000000)
  region size 1024K, 3 young (3072K), 3 survivors (3072K)
 Metaspace       used 120562K, capacity 123306K, committed 123504K, reserved 1157120K
  class space    used 14832K, capacity 15856K, committed 15872K, reserved 1048576K
}
Event: 12.226 GC heap before
{Heap before GC invocations=40 (full 0):
 garbage-first heap   total 324608K, used 195316K [0x0000000080000000, 0x0000000100000000)
  region size 1024K, 15 young (15360K), 3 survivors (3072K)
 Metaspace       used 120697K, capacity 123466K, committed 123632K, reserved 1157120K
  class space    used 14845K, capacity 15888K, committed 16000K, reserved 1048576K
}
Event: 12.230 GC heap after
{Heap after GC invocations=41 (full 0):
 garbage-first heap   total 324608K, used 187039K [0x0000000080000000, 0x0000000100000000)
  region size 1024K, 2 young (2048K), 2 survivors (2048K)
 Metaspace       used 120697K, capacity 123466K, committed 123632K, reserved 1157120K
  class space    used 14845K, capacity 15888K, committed 16000K, reserved 1048576K
}
Event: 12.278 GC heap before
{Heap before GC invocations=41 (full 0):
 garbage-first heap   total 324608K, used 229023K [0x0000000080000000, 0x0000000100000000)
  region size 1024K, 44 young (45056K), 2 survivors (2048K)
 Metaspace       used 121308K, capacity 124066K, committed 124144K, reserved 1157120K
  class space    used 14932K, capacity 15961K, committed 16000K, reserved 1048576K
}
Event: 12.288 GC heap after
{Heap after GC invocations=42 (full 0):
 garbage-first heap   total 324608K, used 199580K [0x0000000080000000, 0x0000000100000000)
  region size 1024K, 6 young (6144K), 6 survivors (6144K)
 Metaspace       used 121308K, capacity 124066K, committed 124144K, reserved 1157120K
  class space    used 14932K, capacity 15961K, committed 16000K, reserved 1048576K
}
Event: 12.347 GC heap before
{Heap before GC invocations=42 (full 0):
 garbage-first heap   total 324608K, used 219036K [0x0000000080000000, 0x0000000100000000)
  region size 1024K, 26 young (26624K), 6 survivors (6144K)
 Metaspace       used 122221K, capacity 124990K, committed 125296K, reserved 1159168K
  class space    used 15013K, capacity 16076K, committed 16128K, reserved 1048576K
}
Event: 12.355 GC heap after
{Heap after GC invocations=43 (full 0):
 garbage-first heap   total 324608K, used 205079K [0x0000000080000000, 0x0000000100000000)
  region size 1024K, 5 young (5120K), 5 survivors (5120K)
 Metaspace       used 122221K, capacity 124990K, committed 125296K, reserved 1159168K
  class space    used 15013K, capacity 16076K, committed 16128K, reserved 1048576K
}
Event: 12.459 GC heap before
{Heap before GC invocations=43 (full 0):
 garbage-first heap   total 324608K, used 245015K [0x0000000080000000, 0x0000000100000000)
  region size 1024K, 41 young (41984K), 5 survivors (5120K)
 Metaspace       used 123143K, capacity 125909K, committed 126192K, reserved 1159168K
  class space    used 15079K, capacity 16112K, committed 16256K, reserved 1048576K
}

